<?xml version="1.0" encoding="UTF-8"?>
<testsuite name="carros.grpc.br.com.zup.carros.CarrosGrpcTest" tests="2" skipped="0" failures="0" errors="0" timestamp="2021-08-16T23:08:11" hostname="ZUP-3246" time="1.715">
  <properties/>
  <testcase name="deve encontrar carro por placa()" classname="carros.grpc.br.com.zup.carros.CarrosGrpcTest" time="1.52"/>
  <testcase name="deve inserir um novo caro()" classname="carros.grpc.br.com.zup.carros.CarrosGrpcTest" time="0.191"/>
  <system-out><![CDATA[?[36m20:08:03.151?[0;39m ?[1;30m[Test worker]?[0;39m ?[34mINFO ?[0;39m ?[35mi.m.context.env.DefaultEnvironment?[0;39m - Established active environments: [test]
?[36m20:08:05.413?[0;39m ?[1;30m[Test worker]?[0;39m ?[34mINFO ?[0;39m ?[35mcom.zaxxer.hikari.HikariDataSource?[0;39m - HikariPool-1 - Starting...
?[36m20:08:05.766?[0;39m ?[1;30m[Test worker]?[0;39m ?[34mINFO ?[0;39m ?[35mcom.zaxxer.hikari.HikariDataSource?[0;39m - HikariPool-1 - Start completed.
?[36m20:08:05.838?[0;39m ?[1;30m[Test worker]?[0;39m ?[34mINFO ?[0;39m ?[35morg.hibernate.Version?[0;39m - HHH000412: Hibernate ORM core version 5.4.31.Final
?[36m20:08:06.870?[0;39m ?[1;30m[Test worker]?[0;39m ?[34mINFO ?[0;39m ?[35mo.h.annotations.common.Version?[0;39m - HCANN000001: Hibernate Commons Annotations {5.1.2.Final}
?[36m20:08:07.956?[0;39m ?[1;30m[Test worker]?[0;39m ?[34mINFO ?[0;39m ?[35morg.hibernate.dialect.Dialect?[0;39m - HHH000400: Using dialect: org.hibernate.dialect.PostgreSQL10Dialect
?[36m20:08:10.054?[0;39m ?[1;30m[Test worker]?[0;39m ?[34mINFO ?[0;39m ?[35mi.m.l.PropertiesLoggingLevelsConfigurer?[0;39m - Setting log level 'DEBUG' for logger: 'io.micronaut.transaction'
?[36m20:08:12.122?[0;39m ?[1;30m[Test worker]?[0;39m ?[39mDEBUG?[0;39m ?[35mi.m.t.h.HibernateTransactionManager?[0;39m - Creating new transaction with name [null]: 0,-1,timeout_null
?[36m20:08:12.361?[0;39m ?[1;30m[Test worker]?[0;39m ?[39mDEBUG?[0;39m ?[35mi.m.t.h.HibernateTransactionManager?[0;39m - Opened new Session [SessionImpl(903895208<open>)] for Hibernate transaction
?[36m20:08:12.384?[0;39m ?[1;30m[Test worker]?[0;39m ?[39mDEBUG?[0;39m ?[35mi.m.t.h.HibernateTransactionManager?[0;39m - Exposing Hibernate transaction as JDBC [io.micronaut.transaction.hibernate5.HibernateTransactionManager$$Lambda$860/0x0000000100805c40@435c181c]
?[36m20:08:12.718?[0;39m ?[1;30m[Test worker]?[0;39m ?[39mDEBUG?[0;39m ?[35mi.m.t.h.HibernateTransactionManager?[0;39m - Initiating transaction commit
?[36m20:08:12.719?[0;39m ?[1;30m[Test worker]?[0;39m ?[39mDEBUG?[0;39m ?[35mi.m.t.h.HibernateTransactionManager?[0;39m - Committing Hibernate transaction on Session [SessionImpl(903895208<open>)]
?[36m20:08:12.730?[0;39m ?[1;30m[Test worker]?[0;39m ?[39mDEBUG?[0;39m ?[35mi.m.t.h.HibernateTransactionManager?[0;39m - Closing Hibernate Session [SessionImpl(903895208<open>)] after transaction
?[36m20:08:12.781?[0;39m ?[1;30m[Test worker]?[0;39m ?[39mDEBUG?[0;39m ?[35mi.m.t.h.HibernateTransactionManager?[0;39m - Creating new transaction with name [null]: 0,-1,timeout_null
?[36m20:08:12.781?[0;39m ?[1;30m[Test worker]?[0;39m ?[39mDEBUG?[0;39m ?[35mi.m.t.h.HibernateTransactionManager?[0;39m - Opened new Session [SessionImpl(1365141012<open>)] for Hibernate transaction
?[36m20:08:12.781?[0;39m ?[1;30m[Test worker]?[0;39m ?[39mDEBUG?[0;39m ?[35mi.m.t.h.HibernateTransactionManager?[0;39m - Exposing Hibernate transaction as JDBC [io.micronaut.transaction.hibernate5.HibernateTransactionManager$$Lambda$860/0x0000000100805c40@74f85861]
?[36m20:08:12.866?[0;39m ?[1;30m[Test worker]?[0;39m ?[39mDEBUG?[0;39m ?[35mi.m.t.h.HibernateTransactionManager?[0;39m - Initiating transaction commit
?[36m20:08:12.866?[0;39m ?[1;30m[Test worker]?[0;39m ?[39mDEBUG?[0;39m ?[35mi.m.t.h.HibernateTransactionManager?[0;39m - Committing Hibernate transaction on Session [SessionImpl(1365141012<open>)]
?[36m20:08:12.966?[0;39m ?[1;30m[Test worker]?[0;39m ?[39mDEBUG?[0;39m ?[35mi.m.t.h.HibernateTransactionManager?[0;39m - Closing Hibernate Session [SessionImpl(1365141012<open>)] after transaction
?[36m20:08:12.971?[0;39m ?[1;30m[Test worker]?[0;39m ?[39mDEBUG?[0;39m ?[35mi.m.t.h.HibernateTransactionManager?[0;39m - Creating new transaction with name [null]: 0,-1,timeout_null,readOnly
?[36m20:08:12.971?[0;39m ?[1;30m[Test worker]?[0;39m ?[39mDEBUG?[0;39m ?[35mi.m.t.h.HibernateTransactionManager?[0;39m - Opened new Session [SessionImpl(182842710<open>)] for Hibernate transaction
?[36m20:08:12.971?[0;39m ?[1;30m[Test worker]?[0;39m ?[39mDEBUG?[0;39m ?[35mi.m.t.h.HibernateTransactionManager?[0;39m - Not preparing JDBC Connection of Hibernate Session [SessionImpl(182842710<open>)]
?[36m20:08:12.972?[0;39m ?[1;30m[Test worker]?[0;39m ?[39mDEBUG?[0;39m ?[35mi.m.t.h.HibernateTransactionManager?[0;39m - Exposing Hibernate transaction as JDBC [io.micronaut.transaction.hibernate5.HibernateTransactionManager$$Lambda$860/0x0000000100805c40@44b494bf]
?[36m20:08:13.087?[0;39m ?[1;30m[Test worker]?[0;39m ?[39mDEBUG?[0;39m ?[35mi.m.t.h.HibernateTransactionManager?[0;39m - Initiating transaction commit
?[36m20:08:13.088?[0;39m ?[1;30m[Test worker]?[0;39m ?[39mDEBUG?[0;39m ?[35mi.m.t.h.HibernateTransactionManager?[0;39m - Committing Hibernate transaction on Session [SessionImpl(182842710<open>)]
?[36m20:08:13.096?[0;39m ?[1;30m[Test worker]?[0;39m ?[39mDEBUG?[0;39m ?[35mi.m.t.h.HibernateTransactionManager?[0;39m - Closing Hibernate Session [SessionImpl(182842710<open>)] after transaction
?[36m20:08:13.105?[0;39m ?[1;30m[Test worker]?[0;39m ?[39mDEBUG?[0;39m ?[35mi.m.t.h.HibernateTransactionManager?[0;39m - Creating new transaction with name [null]: 0,-1,timeout_null
?[36m20:08:13.106?[0;39m ?[1;30m[Test worker]?[0;39m ?[39mDEBUG?[0;39m ?[35mi.m.t.h.HibernateTransactionManager?[0;39m - Opened new Session [SessionImpl(837488223<open>)] for Hibernate transaction
?[36m20:08:13.107?[0;39m ?[1;30m[Test worker]?[0;39m ?[39mDEBUG?[0;39m ?[35mi.m.t.h.HibernateTransactionManager?[0;39m - Exposing Hibernate transaction as JDBC [io.micronaut.transaction.hibernate5.HibernateTransactionManager$$Lambda$860/0x0000000100805c40@7be3a3e4]
?[36m20:08:13.111?[0;39m ?[1;30m[Test worker]?[0;39m ?[39mDEBUG?[0;39m ?[35mi.m.t.h.HibernateTransactionManager?[0;39m - Initiating transaction commit
?[36m20:08:13.112?[0;39m ?[1;30m[Test worker]?[0;39m ?[39mDEBUG?[0;39m ?[35mi.m.t.h.HibernateTransactionManager?[0;39m - Committing Hibernate transaction on Session [SessionImpl(837488223<open>)]
?[36m20:08:13.120?[0;39m ?[1;30m[Test worker]?[0;39m ?[39mDEBUG?[0;39m ?[35mi.m.t.h.HibernateTransactionManager?[0;39m - Closing Hibernate Session [SessionImpl(837488223<open>)] after transaction
?[36m20:08:13.146?[0;39m ?[1;30m[Test worker]?[0;39m ?[39mDEBUG?[0;39m ?[35mi.m.t.h.HibernateTransactionManager?[0;39m - Creating new transaction with name [null]: 0,-1,timeout_null
?[36m20:08:13.146?[0;39m ?[1;30m[Test worker]?[0;39m ?[39mDEBUG?[0;39m ?[35mi.m.t.h.HibernateTransactionManager?[0;39m - Opened new Session [SessionImpl(809246022<open>)] for Hibernate transaction
?[36m20:08:13.146?[0;39m ?[1;30m[Test worker]?[0;39m ?[39mDEBUG?[0;39m ?[35mi.m.t.h.HibernateTransactionManager?[0;39m - Exposing Hibernate transaction as JDBC [io.micronaut.transaction.hibernate5.HibernateTransactionManager$$Lambda$860/0x0000000100805c40@1eb1d05e]
?[36m20:08:13.154?[0;39m ?[1;30m[Test worker]?[0;39m ?[39mDEBUG?[0;39m ?[35mi.m.t.h.HibernateTransactionManager?[0;39m - Initiating transaction commit
?[36m20:08:13.155?[0;39m ?[1;30m[Test worker]?[0;39m ?[39mDEBUG?[0;39m ?[35mi.m.t.h.HibernateTransactionManager?[0;39m - Committing Hibernate transaction on Session [SessionImpl(809246022<open>)]
?[36m20:08:13.158?[0;39m ?[1;30m[Test worker]?[0;39m ?[39mDEBUG?[0;39m ?[35mi.m.t.h.HibernateTransactionManager?[0;39m - Closing Hibernate Session [SessionImpl(809246022<open>)] after transaction
?[36m20:08:13.160?[0;39m ?[1;30m[Test worker]?[0;39m ?[39mDEBUG?[0;39m ?[35mi.m.t.h.HibernateTransactionManager?[0;39m - Creating new transaction with name [null]: 0,-1,timeout_null
?[36m20:08:13.160?[0;39m ?[1;30m[Test worker]?[0;39m ?[39mDEBUG?[0;39m ?[35mi.m.t.h.HibernateTransactionManager?[0;39m - Opened new Session [SessionImpl(1218092603<open>)] for Hibernate transaction
?[36m20:08:13.161?[0;39m ?[1;30m[Test worker]?[0;39m ?[39mDEBUG?[0;39m ?[35mi.m.t.h.HibernateTransactionManager?[0;39m - Exposing Hibernate transaction as JDBC [io.micronaut.transaction.hibernate5.HibernateTransactionManager$$Lambda$860/0x0000000100805c40@181c6c43]
?[36m20:08:13.167?[0;39m ?[1;30m[Test worker]?[0;39m ?[39mDEBUG?[0;39m ?[35mi.m.t.h.HibernateTransactionManager?[0;39m - Initiating transaction commit
?[36m20:08:13.168?[0;39m ?[1;30m[Test worker]?[0;39m ?[39mDEBUG?[0;39m ?[35mi.m.t.h.HibernateTransactionManager?[0;39m - Committing Hibernate transaction on Session [SessionImpl(1218092603<open>)]
?[36m20:08:13.186?[0;39m ?[1;30m[Test worker]?[0;39m ?[39mDEBUG?[0;39m ?[35mi.m.t.h.HibernateTransactionManager?[0;39m - Closing Hibernate Session [SessionImpl(1218092603<open>)] after transaction
?[36m20:08:13.192?[0;39m ?[1;30m[Test worker]?[0;39m ?[39mDEBUG?[0;39m ?[35mi.m.t.h.HibernateTransactionManager?[0;39m - Creating new transaction with name [null]: 0,-1,timeout_null,readOnly
?[36m20:08:13.193?[0;39m ?[1;30m[Test worker]?[0;39m ?[39mDEBUG?[0;39m ?[35mi.m.t.h.HibernateTransactionManager?[0;39m - Opened new Session [SessionImpl(1699702034<open>)] for Hibernate transaction
?[36m20:08:13.194?[0;39m ?[1;30m[Test worker]?[0;39m ?[39mDEBUG?[0;39m ?[35mi.m.t.h.HibernateTransactionManager?[0;39m - Not preparing JDBC Connection of Hibernate Session [SessionImpl(1699702034<open>)]
?[36m20:08:13.194?[0;39m ?[1;30m[Test worker]?[0;39m ?[39mDEBUG?[0;39m ?[35mi.m.t.h.HibernateTransactionManager?[0;39m - Exposing Hibernate transaction as JDBC [io.micronaut.transaction.hibernate5.HibernateTransactionManager$$Lambda$860/0x0000000100805c40@3e4b1344]
?[36m20:08:13.296?[0;39m ?[1;30m[Test worker]?[0;39m ?[39mDEBUG?[0;39m ?[35mi.m.t.h.HibernateTransactionManager?[0;39m - Initiating transaction commit
?[36m20:08:13.296?[0;39m ?[1;30m[Test worker]?[0;39m ?[39mDEBUG?[0;39m ?[35mi.m.t.h.HibernateTransactionManager?[0;39m - Committing Hibernate transaction on Session [SessionImpl(1699702034<open>)]
?[36m20:08:13.301?[0;39m ?[1;30m[Test worker]?[0;39m ?[39mDEBUG?[0;39m ?[35mi.m.t.h.HibernateTransactionManager?[0;39m - Closing Hibernate Session [SessionImpl(1699702034<open>)] after transaction
?[36m20:08:13.312?[0;39m ?[1;30m[Test worker]?[0;39m ?[39mDEBUG?[0;39m ?[35mi.m.t.h.HibernateTransactionManager?[0;39m - Creating new transaction with name [null]: 0,-1,timeout_null
?[36m20:08:13.313?[0;39m ?[1;30m[Test worker]?[0;39m ?[39mDEBUG?[0;39m ?[35mi.m.t.h.HibernateTransactionManager?[0;39m - Opened new Session [SessionImpl(2143583967<open>)] for Hibernate transaction
?[36m20:08:13.313?[0;39m ?[1;30m[Test worker]?[0;39m ?[39mDEBUG?[0;39m ?[35mi.m.t.h.HibernateTransactionManager?[0;39m - Exposing Hibernate transaction as JDBC [io.micronaut.transaction.hibernate5.HibernateTransactionManager$$Lambda$860/0x0000000100805c40@747663d8]
?[36m20:08:13.328?[0;39m ?[1;30m[Test worker]?[0;39m ?[39mDEBUG?[0;39m ?[35mi.m.t.h.HibernateTransactionManager?[0;39m - Initiating transaction commit
?[36m20:08:13.328?[0;39m ?[1;30m[Test worker]?[0;39m ?[39mDEBUG?[0;39m ?[35mi.m.t.h.HibernateTransactionManager?[0;39m - Committing Hibernate transaction on Session [SessionImpl(2143583967<open>)]
?[36m20:08:13.334?[0;39m ?[1;30m[Test worker]?[0;39m ?[39mDEBUG?[0;39m ?[35mi.m.t.h.HibernateTransactionManager?[0;39m - Closing Hibernate Session [SessionImpl(2143583967<open>)] after transaction
?[36m20:08:13.389?[0;39m ?[1;30m[Test worker]?[0;39m ?[34mINFO ?[0;39m ?[35mcom.zaxxer.hikari.HikariDataSource?[0;39m - HikariPool-1 - Shutdown initiated...
?[36m20:08:13.404?[0;39m ?[1;30m[Test worker]?[0;39m ?[34mINFO ?[0;39m ?[35mcom.zaxxer.hikari.HikariDataSource?[0;39m - HikariPool-1 - Shutdown completed.
]]></system-out>
  <system-err><![CDATA[]]></system-err>
</testsuite>
